<?xml version="1.0" encoding="UTF-8"?>
<!-- Generated by org.testng.reporters.JUnitReportReporter -->
<testsuite skipped="0" hostname="LTIN300090" name="Selenium.UploadAndDownloadFile.WriteExcel" tests="1" failures="0" timestamp="30 Mar 2024 08:15:47 GMT" time="26.949" errors="0">
  <testcase name="Check" time="26.949" classname="Selenium.UploadAndDownloadFile.WriteExcel"/>
</testsuite> <!-- Selenium.UploadAndDownloadFile.WriteExcel -->
